<?xml version="1.0" encoding="UTF-8"?>
<testng-results skipped="0" failed="1" ignored="0" total="20" passed="19">
  <reporter-output>
  </reporter-output>
  <suite name="fesql-v1" duration-ms="613" started-at="2021-03-22T02:03:43Z" finished-at="2021-03-22T02:03:43Z">
    <groups>
    </groups>
    <test name="fesql-v1-test1111" duration-ms="613" started-at="2021-03-22T02:03:43Z" finished-at="2021-03-22T02:03:43Z">
      <class name="test1.Test1">
        <test-method status="PASS" signature="BeforeMethod(org.testng.ITestContext, org.testng.xml.XmlTest, java.lang.reflect.Method, [Ljava.lang.Object;)[pri:0, instance:test1.Test1@791cbf87]" name="BeforeMethod" is-config="true" duration-ms="13" started-at="2021-03-22T10:03:43Z" finished-at="2021-03-22T10:03:43Z">
          <params>
            <param index="0">
              <value>
                <![CDATA[org.testng.TestRunner@432034a]]>
              </value>
            </param>
            <param index="1">
              <value>
                <![CDATA[[Test: "fesql-v1-test1111" verbose:0[parameters:env=>standalone,][metagroups:] [included: ][excluded: ]  classes: packages:org.testng.xml.XmlPackage@d16e73c3 org.testng.xml.XmlPackage@da075598 ] ]]>
              </value>
            </param>
            <param index="2">
              <value>
                <![CDATA[public void test1.Test1.test12()]]>
              </value>
            </param>
            <param index="3">
              <value>
                <![CDATA[[Ljava.lang.Object;@7ac9af2a]]>
              </value>
            </param>
          </params>
          <reporter-output>
          </reporter-output>
        </test-method> <!-- BeforeMethod -->
        <test-method status="PASS" signature="test12()[pri:0, instance:test1.Test1@791cbf87]" name="test12" duration-ms="39" started-at="2021-03-22T10:03:43Z" finished-at="2021-03-22T10:03:43Z">
          <reporter-output>
          </reporter-output>
        </test-method> <!-- test12 -->
        <test-method status="PASS" signature="BeforeMethod(org.testng.ITestContext, org.testng.xml.XmlTest, java.lang.reflect.Method, [Ljava.lang.Object;)[pri:0, instance:test1.Test1@791cbf87]" name="BeforeMethod" is-config="true" duration-ms="1" started-at="2021-03-22T10:03:43Z" finished-at="2021-03-22T10:03:43Z">
          <params>
            <param index="0">
              <value>
                <![CDATA[org.testng.TestRunner@432034a]]>
              </value>
            </param>
            <param index="1">
              <value>
                <![CDATA[[Test: "fesql-v1-test1111" verbose:0[parameters:env=>standalone,][metagroups:] [included: ][excluded: ]  classes: packages:org.testng.xml.XmlPackage@d16e73c3 org.testng.xml.XmlPackage@da075598 ] ]]>
              </value>
            </param>
            <param index="2">
              <value>
                <![CDATA[public void test1.Test1.test22()]]>
              </value>
            </param>
            <param index="3">
              <value>
                <![CDATA[[Ljava.lang.Object;@7bb004b8]]>
              </value>
            </param>
          </params>
          <reporter-output>
          </reporter-output>
        </test-method> <!-- BeforeMethod -->
        <test-method status="PASS" signature="test22()[pri:0, instance:test1.Test1@791cbf87]" name="test22" duration-ms="3" started-at="2021-03-22T10:03:43Z" finished-at="2021-03-22T10:03:43Z">
          <reporter-output>
          </reporter-output>
        </test-method> <!-- test22 -->
        <test-method status="PASS" signature="BeforeMethod(org.testng.ITestContext, org.testng.xml.XmlTest, java.lang.reflect.Method, [Ljava.lang.Object;)[pri:0, instance:test1.Test1@791cbf87]" name="BeforeMethod" is-config="true" duration-ms="0" started-at="2021-03-22T10:03:43Z" finished-at="2021-03-22T10:03:43Z">
          <params>
            <param index="0">
              <value>
                <![CDATA[org.testng.TestRunner@432034a]]>
              </value>
            </param>
            <param index="1">
              <value>
                <![CDATA[[Test: "fesql-v1-test1111" verbose:0[parameters:env=>standalone,][metagroups:] [included: ][excluded: ]  classes: packages:org.testng.xml.XmlPackage@d16e73c3 org.testng.xml.XmlPackage@da075598 ] ]]>
              </value>
            </param>
            <param index="2">
              <value>
                <![CDATA[public void test1.Test1.test21(entity.TUser)]]>
              </value>
            </param>
            <param index="3">
              <value>
                <![CDATA[[Ljava.lang.Object;@78de58ea]]>
              </value>
            </param>
          </params>
          <reporter-output>
          </reporter-output>
        </test-method> <!-- BeforeMethod -->
        <test-method status="PASS" signature="test21(entity.TUser)[pri:0, instance:test1.Test1@791cbf87]" name="test21" duration-ms="10" started-at="2021-03-22T10:03:43Z" data-provider="getData" finished-at="2021-03-22T10:03:43Z">
          <params>
            <param index="0">
              <value>
                <![CDATA[TUser{name='zw1', age=12, desc='测试1'}]]>
              </value>
            </param>
          </params>
          <reporter-output>
          </reporter-output>
        </test-method> <!-- test21 -->
        <test-method status="PASS" signature="BeforeMethod(org.testng.ITestContext, org.testng.xml.XmlTest, java.lang.reflect.Method, [Ljava.lang.Object;)[pri:0, instance:test1.Test1@791cbf87]" name="BeforeMethod" is-config="true" duration-ms="1" started-at="2021-03-22T10:03:43Z" finished-at="2021-03-22T10:03:43Z">
          <params>
            <param index="0">
              <value>
                <![CDATA[org.testng.TestRunner@432034a]]>
              </value>
            </param>
            <param index="1">
              <value>
                <![CDATA[[Test: "fesql-v1-test1111" verbose:0[parameters:env=>standalone,][metagroups:] [included: ][excluded: ]  classes: packages:org.testng.xml.XmlPackage@d16e73c3 org.testng.xml.XmlPackage@da075598 ] ]]>
              </value>
            </param>
            <param index="2">
              <value>
                <![CDATA[public void test1.Test1.test21(entity.TUser)]]>
              </value>
            </param>
            <param index="3">
              <value>
                <![CDATA[[Ljava.lang.Object;@60e5272]]>
              </value>
            </param>
          </params>
          <reporter-output>
          </reporter-output>
        </test-method> <!-- BeforeMethod -->
        <test-method status="PASS" signature="test21(entity.TUser)[pri:0, instance:test1.Test1@791cbf87]" name="test21" duration-ms="3" started-at="2021-03-22T10:03:43Z" data-provider="getData" finished-at="2021-03-22T10:03:43Z">
          <params>
            <param index="0">
              <value>
                <![CDATA[TUser{name='zw2', age=13, desc='测试2'}]]>
              </value>
            </param>
          </params>
          <reporter-output>
          </reporter-output>
        </test-method> <!-- test21 -->
        <test-method status="PASS" signature="BeforeMethod(org.testng.ITestContext, org.testng.xml.XmlTest, java.lang.reflect.Method, [Ljava.lang.Object;)[pri:0, instance:test1.Test1@791cbf87]" name="BeforeMethod" is-config="true" duration-ms="1" started-at="2021-03-22T10:03:43Z" finished-at="2021-03-22T10:03:43Z">
          <params>
            <param index="0">
              <value>
                <![CDATA[org.testng.TestRunner@432034a]]>
              </value>
            </param>
            <param index="1">
              <value>
                <![CDATA[[Test: "fesql-v1-test1111" verbose:0[parameters:env=>standalone,][metagroups:] [included: ][excluded: ]  classes: packages:org.testng.xml.XmlPackage@d16e73c3 org.testng.xml.XmlPackage@da075598 ] ]]>
              </value>
            </param>
            <param index="2">
              <value>
                <![CDATA[public void test1.Test1.test21(entity.TUser)]]>
              </value>
            </param>
            <param index="3">
              <value>
                <![CDATA[[Ljava.lang.Object;@7d755813]]>
              </value>
            </param>
          </params>
          <reporter-output>
          </reporter-output>
        </test-method> <!-- BeforeMethod -->
        <test-method status="PASS" signature="test21(entity.TUser)[pri:0, instance:test1.Test1@791cbf87]" name="test21" duration-ms="3" started-at="2021-03-22T10:03:43Z" data-provider="getData" finished-at="2021-03-22T10:03:43Z">
          <params>
            <param index="0">
              <value>
                <![CDATA[TUser{name='zw3', age=14, desc='测试3'}]]>
              </value>
            </param>
          </params>
          <reporter-output>
          </reporter-output>
        </test-method> <!-- test21 -->
        <test-method status="PASS" signature="BeforeMethod(org.testng.ITestContext, org.testng.xml.XmlTest, java.lang.reflect.Method, [Ljava.lang.Object;)[pri:0, instance:test1.Test1@791cbf87]" name="BeforeMethod" is-config="true" duration-ms="0" started-at="2021-03-22T10:03:43Z" finished-at="2021-03-22T10:03:43Z">
          <params>
            <param index="0">
              <value>
                <![CDATA[org.testng.TestRunner@432034a]]>
              </value>
            </param>
            <param index="1">
              <value>
                <![CDATA[[Test: "fesql-v1-test1111" verbose:0[parameters:env=>standalone,][metagroups:] [included: ][excluded: ]  classes: packages:org.testng.xml.XmlPackage@d16e73c3 org.testng.xml.XmlPackage@da075598 ] ]]>
              </value>
            </param>
            <param index="2">
              <value>
                <![CDATA[public void test1.Test1.test11()]]>
              </value>
            </param>
            <param index="3">
              <value>
                <![CDATA[[Ljava.lang.Object;@78e89bfe]]>
              </value>
            </param>
          </params>
          <reporter-output>
          </reporter-output>
        </test-method> <!-- BeforeMethod -->
        <test-method status="PASS" signature="test11()[pri:0, instance:test1.Test1@791cbf87]" name="test11" duration-ms="2" started-at="2021-03-22T10:03:43Z" description="AAA" depends-on-methods="test1.Test1.test12" finished-at="2021-03-22T10:03:43Z">
          <reporter-output>
          </reporter-output>
        </test-method> <!-- test11 -->
      </class> <!-- test1.Test1 -->
      <class name="test1.Test2">
        <test-method status="PASS" signature="test11()[pri:0, instance:test1.Test2@2baa8d82]" test-instance-name="hahahahaha" name="test11" duration-ms="5" started-at="2021-03-22T10:03:43Z" finished-at="2021-03-22T10:03:43Z">
          <reporter-output>
          </reporter-output>
        </test-method> <!-- test11 -->
        <test-method status="PASS" signature="afterMethod(org.testng.ITestResult)[pri:0, instance:test1.Test2@2baa8d82]" test-instance-name="hahahahaha" name="afterMethod" is-config="true" duration-ms="24" started-at="2021-03-22T10:03:43Z" finished-at="2021-03-22T10:03:43Z">
          <params>
            <param index="0">
              <value>
                <![CDATA[[TestResult name=hahahahaha status=SUCCESS method=Test2.test11()[pri:0, instance:test1.Test2@2baa8d82] output={null}]]]>
              </value>
            </param>
          </params>
          <reporter-output>
          </reporter-output>
        </test-method> <!-- afterMethod -->
        <test-method status="PASS" signature="test12()[pri:0, instance:test1.Test2@2baa8d82]" test-instance-name="hahahahaha" name="test12" duration-ms="5" started-at="2021-03-22T10:03:43Z" finished-at="2021-03-22T10:03:43Z">
          <reporter-output>
          </reporter-output>
        </test-method> <!-- test12 -->
        <test-method status="PASS" signature="afterMethod(org.testng.ITestResult)[pri:0, instance:test1.Test2@2baa8d82]" test-instance-name="hahahahaha" name="afterMethod" is-config="true" duration-ms="1" started-at="2021-03-22T10:03:43Z" finished-at="2021-03-22T10:03:43Z">
          <params>
            <param index="0">
              <value>
                <![CDATA[[TestResult name=hahahahaha status=SUCCESS method=Test2.test12()[pri:0, instance:test1.Test2@2baa8d82] output={null}]]]>
              </value>
            </param>
          </params>
          <reporter-output>
          </reporter-output>
        </test-method> <!-- afterMethod -->
        <test-method status="FAIL" signature="test21()[pri:0, instance:test1.Test2@2baa8d82]" test-instance-name="hahahahaha" name="test21" duration-ms="33" started-at="2021-03-22T10:03:43Z" finished-at="2021-03-22T10:03:43Z">
          <exception class="java.lang.AssertionError">
            <message>
              <![CDATA[expected [true] but found [false]]]>
            </message>
            <full-stacktrace>
              <![CDATA[java.lang.AssertionError: expected [true] but found [false]
	at org.testng.Assert.fail(Assert.java:93)
	at org.testng.Assert.failNotEquals(Assert.java:512)
	at org.testng.Assert.assertTrue(Assert.java:41)
	at org.testng.Assert.assertTrue(Assert.java:51)
	at test1.Test2.test21(Test2.java:43)
	at sun.reflect.NativeMethodAccessorImpl.invoke0(Native Method)
	at sun.reflect.NativeMethodAccessorImpl.invoke(NativeMethodAccessorImpl.java:62)
	at sun.reflect.DelegatingMethodAccessorImpl.invoke(DelegatingMethodAccessorImpl.java:43)
	at java.lang.reflect.Method.invoke(Method.java:498)
	at org.testng.internal.MethodInvocationHelper.invokeMethod(MethodInvocationHelper.java:108)
	at org.testng.internal.MethodInvocationHelper$1.runTestMethod(MethodInvocationHelper.java:209)
	at util.TestFailListener.run(TestFailListener.java:33)
	at org.testng.internal.MethodInvocationHelper.invokeHookable(MethodInvocationHelper.java:221)
	at org.testng.internal.Invoker.invokeMethod(Invoker.java:657)
	at org.testng.internal.Invoker.invokeTestMethod(Invoker.java:869)
	at org.testng.internal.Invoker.invokeTestMethods(Invoker.java:1193)
	at org.testng.internal.TestMethodWorker.invokeTestMethods(TestMethodWorker.java:126)
	at org.testng.internal.TestMethodWorker.run(TestMethodWorker.java:109)
	at org.testng.TestRunner.privateRun(TestRunner.java:744)
	at org.testng.TestRunner.run(TestRunner.java:602)
	at org.testng.SuiteRunner.runTest(SuiteRunner.java:380)
	at org.testng.SuiteRunner.runSequentially(SuiteRunner.java:375)
	at org.testng.SuiteRunner.privateRun(SuiteRunner.java:340)
	at org.testng.SuiteRunner.run(SuiteRunner.java:289)
	at org.testng.SuiteRunnerWorker.runSuite(SuiteRunnerWorker.java:52)
	at org.testng.SuiteRunnerWorker.run(SuiteRunnerWorker.java:86)
	at org.testng.TestNG.runSuitesSequentially(TestNG.java:1301)
	at org.testng.TestNG.runSuitesLocally(TestNG.java:1226)
	at org.testng.TestNG.runSuites(TestNG.java:1144)
	at org.testng.TestNG.run(TestNG.java:1115)
	at org.apache.maven.surefire.testng.TestNGExecutor.run(TestNGExecutor.java:283)
	at org.apache.maven.surefire.testng.TestNGXmlTestSuite.execute(TestNGXmlTestSuite.java:75)
	at org.apache.maven.surefire.testng.TestNGProvider.invoke(TestNGProvider.java:120)
	at org.apache.maven.surefire.booter.ForkedBooter.invokeProviderInSameClassLoader(ForkedBooter.java:373)
	at org.apache.maven.surefire.booter.ForkedBooter.runSuitesInProcess(ForkedBooter.java:334)
	at org.apache.maven.surefire.booter.ForkedBooter.execute(ForkedBooter.java:119)
	at org.apache.maven.surefire.booter.ForkedBooter.main(ForkedBooter.java:407)
]]>
            </full-stacktrace>
          </exception> <!-- java.lang.AssertionError -->
          <reporter-output>
          </reporter-output>
        </test-method> <!-- test21 -->
        <test-method status="PASS" signature="afterMethod(org.testng.ITestResult)[pri:0, instance:test1.Test2@2baa8d82]" test-instance-name="hahahahaha" name="afterMethod" is-config="true" duration-ms="1" started-at="2021-03-22T10:03:43Z" finished-at="2021-03-22T10:03:43Z">
          <params>
            <param index="0">
              <value>
                <![CDATA[[TestResult name=hahahahaha status=FAILURE method=Test2.test21()[pri:0, instance:test1.Test2@2baa8d82] output={null}]]]>
              </value>
            </param>
          </params>
          <reporter-output>
          </reporter-output>
        </test-method> <!-- afterMethod -->
        <test-method status="PASS" signature="test22()[pri:0, instance:test1.Test2@2baa8d82]" test-instance-name="hahahahaha" name="test22" duration-ms="2" started-at="2021-03-22T10:03:43Z" finished-at="2021-03-22T10:03:43Z">
          <reporter-output>
          </reporter-output>
        </test-method> <!-- test22 -->
        <test-method status="PASS" signature="afterMethod(org.testng.ITestResult)[pri:0, instance:test1.Test2@2baa8d82]" test-instance-name="hahahahaha" name="afterMethod" is-config="true" duration-ms="1" started-at="2021-03-22T10:03:43Z" finished-at="2021-03-22T10:03:43Z">
          <params>
            <param index="0">
              <value>
                <![CDATA[[TestResult name=hahahahaha status=SUCCESS method=Test2.test22()[pri:0, instance:test1.Test2@2baa8d82] output={null}]]]>
              </value>
            </param>
          </params>
          <reporter-output>
          </reporter-output>
        </test-method> <!-- afterMethod -->
      </class> <!-- test1.Test2 -->
      <class name="test1.Test3">
        <test-method status="PASS" signature="test11()[pri:0, instance:test1.Test3@319dead1]" name="test11" duration-ms="2" started-at="2021-03-22T10:03:43Z" finished-at="2021-03-22T10:03:43Z">
          <reporter-output>
          </reporter-output>
        </test-method> <!-- test11 -->
        <test-method status="PASS" signature="test12()[pri:0, instance:test1.Test3@319dead1]" name="test12" duration-ms="2" started-at="2021-03-22T10:03:43Z" finished-at="2021-03-22T10:03:43Z">
          <reporter-output>
          </reporter-output>
        </test-method> <!-- test12 -->
        <test-method status="PASS" signature="test21()[pri:0, instance:test1.Test3@319dead1]" name="test21" duration-ms="2" started-at="2021-03-22T10:03:43Z" finished-at="2021-03-22T10:03:43Z">
          <reporter-output>
          </reporter-output>
        </test-method> <!-- test21 -->
        <test-method status="PASS" signature="test22()[pri:0, instance:test1.Test3@319dead1]" name="test22" duration-ms="2" started-at="2021-03-22T10:03:43Z" finished-at="2021-03-22T10:03:43Z">
          <reporter-output>
          </reporter-output>
        </test-method> <!-- test22 -->
      </class> <!-- test1.Test3 -->
      <class name="test1.Test4">
        <test-method status="PASS" signature="test()[pri:0, instance:test1.Test4@523424b5]" name="test" duration-ms="71" started-at="2021-03-22T10:03:43Z" finished-at="2021-03-22T10:03:43Z">
          <reporter-output>
          </reporter-output>
        </test-method> <!-- test -->
        <test-method status="PASS" signature="test1()[pri:0, instance:test1.Test4@523424b5]" name="test1" duration-ms="1" started-at="2021-03-22T10:03:43Z" finished-at="2021-03-22T10:03:43Z">
          <reporter-output>
          </reporter-output>
        </test-method> <!-- test1 -->
      </class> <!-- test1.Test4 -->
      <class name="test2.Test1">
        <test-method status="PASS" signature="test11()[pri:0, instance:test2.Test1@754777cd]" test-instance-name="HEHEHEH" name="test11" duration-ms="10" started-at="2021-03-22T10:03:43Z" description="BBBB" finished-at="2021-03-22T10:03:43Z">
          <reporter-output>
          </reporter-output>
        </test-method> <!-- test11 -->
        <test-method status="PASS" signature="test12()[pri:0, instance:test2.Test1@754777cd]" test-instance-name="HEHEHEH" name="test12" duration-ms="6" started-at="2021-03-22T10:03:43Z" finished-at="2021-03-22T10:03:43Z">
          <reporter-output>
          </reporter-output>
        </test-method> <!-- test12 -->
        <test-method status="PASS" signature="test21()[pri:0, instance:test2.Test1@754777cd]" test-instance-name="HEHEHEH" name="test21" duration-ms="5" started-at="2021-03-22T10:03:43Z" finished-at="2021-03-22T10:03:43Z">
          <reporter-output>
          </reporter-output>
        </test-method> <!-- test21 -->
        <test-method status="PASS" signature="test22()[pri:0, instance:test2.Test1@754777cd]" test-instance-name="HEHEHEH" name="test22" duration-ms="4" started-at="2021-03-22T10:03:43Z" finished-at="2021-03-22T10:03:43Z">
          <reporter-output>
          </reporter-output>
        </test-method> <!-- test22 -->
      </class> <!-- test2.Test1 -->
    </test> <!-- fesql-v1-test1111 -->
  </suite> <!-- fesql-v1 -->
</testng-results>
