{
  "uid" : "9058eb4fc730b133",
  "name" : "test21",
  "fullName" : "test1.Test2.test21",
  "historyId" : "2816f7b97af46de1c505c938127e6aa3",
  "time" : {
    "start" : 1616395111969,
    "stop" : 1616395112014,
    "duration" : 45
  },
  "description" : "sss",
  "descriptionHtml" : "<p>sss</p>\n",
  "status" : "failed",
  "statusMessage" : "expected [true] but found [false]",
  "statusTrace" : "java.lang.AssertionError: expected [true] but found [false]\n\tat org.testng.Assert.fail(Assert.java:93)\n\tat org.testng.Assert.failNotEquals(Assert.java:512)\n\tat org.testng.Assert.assertTrue(Assert.java:41)\n\tat org.testng.Assert.assertTrue(Assert.java:51)\n\tat test1.Test2.test21(Test2.java:43)\n\tat java.base/jdk.internal.reflect.NativeMethodAccessorImpl.invoke0(Native Method)\n\tat java.base/jdk.internal.reflect.NativeMethodAccessorImpl.invoke(NativeMethodAccessorImpl.java:62)\n\tat java.base/jdk.internal.reflect.DelegatingMethodAccessorImpl.invoke(DelegatingMethodAccessorImpl.java:43)\n\tat java.base/java.lang.reflect.Method.invoke(Method.java:566)\n\tat org.testng.internal.MethodInvocationHelper.invokeMethod(MethodInvocationHelper.java:108)\n\tat org.testng.internal.MethodInvocationHelper$1.runTestMethod(MethodInvocationHelper.java:209)\n\tat util.TestFailListener.run(TestFailListener.java:33)\n\tat org.testng.internal.MethodInvocationHelper.invokeHookable(MethodInvocationHelper.java:221)\n\tat org.testng.internal.Invoker.invokeMethod(Invoker.java:657)\n\tat org.testng.internal.Invoker.invokeTestMethod(Invoker.java:869)\n\tat org.testng.internal.Invoker.invokeTestMethods(Invoker.java:1193)\n\tat org.testng.internal.TestMethodWorker.invokeTestMethods(TestMethodWorker.java:126)\n\tat org.testng.internal.TestMethodWorker.run(TestMethodWorker.java:109)\n\tat org.testng.TestRunner.privateRun(TestRunner.java:744)\n\tat org.testng.TestRunner.run(TestRunner.java:602)\n\tat org.testng.SuiteRunner.runTest(SuiteRunner.java:380)\n\tat org.testng.SuiteRunner.runSequentially(SuiteRunner.java:375)\n\tat org.testng.SuiteRunner.privateRun(SuiteRunner.java:340)\n\tat org.testng.SuiteRunner.run(SuiteRunner.java:289)\n\tat org.testng.SuiteRunnerWorker.runSuite(SuiteRunnerWorker.java:52)\n\tat org.testng.SuiteRunnerWorker.run(SuiteRunnerWorker.java:86)\n\tat org.testng.TestNG.runSuitesSequentially(TestNG.java:1301)\n\tat org.testng.TestNG.runSuitesLocally(TestNG.java:1226)\n\tat org.testng.TestNG.runSuites(TestNG.java:1144)\n\tat org.testng.TestNG.run(TestNG.java:1115)\n\tat org.apache.maven.surefire.testng.TestNGExecutor.run(TestNGExecutor.java:283)\n\tat org.apache.maven.surefire.testng.TestNGXmlTestSuite.execute(TestNGXmlTestSuite.java:75)\n\tat org.apache.maven.surefire.testng.TestNGProvider.invoke(TestNGProvider.java:120)\n\tat org.apache.maven.surefire.booter.ForkedBooter.invokeProviderInSameClassLoader(ForkedBooter.java:384)\n\tat org.apache.maven.surefire.booter.ForkedBooter.runSuitesInProcess(ForkedBooter.java:345)\n\tat org.apache.maven.surefire.booter.ForkedBooter.execute(ForkedBooter.java:126)\n\tat org.apache.maven.surefire.booter.ForkedBooter.main(ForkedBooter.java:418)\n",
  "flaky" : false,
  "newFailed" : false,
  "beforeStages" : [ ],
  "testStage" : {
    "description" : "sss",
    "status" : "failed",
    "statusMessage" : "expected [true] but found [false]",
    "statusTrace" : "java.lang.AssertionError: expected [true] but found [false]\n\tat org.testng.Assert.fail(Assert.java:93)\n\tat org.testng.Assert.failNotEquals(Assert.java:512)\n\tat org.testng.Assert.assertTrue(Assert.java:41)\n\tat org.testng.Assert.assertTrue(Assert.java:51)\n\tat test1.Test2.test21(Test2.java:43)\n\tat java.base/jdk.internal.reflect.NativeMethodAccessorImpl.invoke0(Native Method)\n\tat java.base/jdk.internal.reflect.NativeMethodAccessorImpl.invoke(NativeMethodAccessorImpl.java:62)\n\tat java.base/jdk.internal.reflect.DelegatingMethodAccessorImpl.invoke(DelegatingMethodAccessorImpl.java:43)\n\tat java.base/java.lang.reflect.Method.invoke(Method.java:566)\n\tat org.testng.internal.MethodInvocationHelper.invokeMethod(MethodInvocationHelper.java:108)\n\tat org.testng.internal.MethodInvocationHelper$1.runTestMethod(MethodInvocationHelper.java:209)\n\tat util.TestFailListener.run(TestFailListener.java:33)\n\tat org.testng.internal.MethodInvocationHelper.invokeHookable(MethodInvocationHelper.java:221)\n\tat org.testng.internal.Invoker.invokeMethod(Invoker.java:657)\n\tat org.testng.internal.Invoker.invokeTestMethod(Invoker.java:869)\n\tat org.testng.internal.Invoker.invokeTestMethods(Invoker.java:1193)\n\tat org.testng.internal.TestMethodWorker.invokeTestMethods(TestMethodWorker.java:126)\n\tat org.testng.internal.TestMethodWorker.run(TestMethodWorker.java:109)\n\tat org.testng.TestRunner.privateRun(TestRunner.java:744)\n\tat org.testng.TestRunner.run(TestRunner.java:602)\n\tat org.testng.SuiteRunner.runTest(SuiteRunner.java:380)\n\tat org.testng.SuiteRunner.runSequentially(SuiteRunner.java:375)\n\tat org.testng.SuiteRunner.privateRun(SuiteRunner.java:340)\n\tat org.testng.SuiteRunner.run(SuiteRunner.java:289)\n\tat org.testng.SuiteRunnerWorker.runSuite(SuiteRunnerWorker.java:52)\n\tat org.testng.SuiteRunnerWorker.run(SuiteRunnerWorker.java:86)\n\tat org.testng.TestNG.runSuitesSequentially(TestNG.java:1301)\n\tat org.testng.TestNG.runSuitesLocally(TestNG.java:1226)\n\tat org.testng.TestNG.runSuites(TestNG.java:1144)\n\tat org.testng.TestNG.run(TestNG.java:1115)\n\tat org.apache.maven.surefire.testng.TestNGExecutor.run(TestNGExecutor.java:283)\n\tat org.apache.maven.surefire.testng.TestNGXmlTestSuite.execute(TestNGXmlTestSuite.java:75)\n\tat org.apache.maven.surefire.testng.TestNGProvider.invoke(TestNGProvider.java:120)\n\tat org.apache.maven.surefire.booter.ForkedBooter.invokeProviderInSameClassLoader(ForkedBooter.java:384)\n\tat org.apache.maven.surefire.booter.ForkedBooter.runSuitesInProcess(ForkedBooter.java:345)\n\tat org.apache.maven.surefire.booter.ForkedBooter.execute(ForkedBooter.java:126)\n\tat org.apache.maven.surefire.booter.ForkedBooter.main(ForkedBooter.java:418)\n",
    "steps" : [ ],
    "attachments" : [ {
      "uid" : "699bc5f68c81dc87",
      "name" : "t-log",
      "source" : "699bc5f68c81dc87.txt",
      "type" : "text/plain",
      "size" : 9
    } ],
    "parameters" : [ ],
    "stepsCount" : 0,
    "attachmentsCount" : 1,
    "shouldDisplayMessage" : true,
    "hasContent" : true
  },
  "afterStages" : [ {
    "name" : "afterMethod",
    "time" : {
      "start" : 1616395112015,
      "stop" : 1616395112016,
      "duration" : 1
    },
    "description" : "",
    "status" : "passed",
    "steps" : [ ],
    "attachments" : [ {
      "uid" : "7f36ec7591d43ed1",
      "name" : "t-lll",
      "source" : "7f36ec7591d43ed1.txt",
      "type" : "text/plain",
      "size" : 6
    }, {
      "uid" : "a12461ceb52c5caf",
      "name" : "t-lll",
      "source" : "a12461ceb52c5caf.txt",
      "type" : "text/plain",
      "size" : 5
    } ],
    "parameters" : [ ],
    "stepsCount" : 0,
    "attachmentsCount" : 2,
    "shouldDisplayMessage" : false,
    "hasContent" : true
  } ],
  "labels" : [ {
    "name" : "package",
    "value" : "test1.Test2"
  }, {
    "name" : "testClass",
    "value" : "test1.Test2"
  }, {
    "name" : "testMethod",
    "value" : "test21"
  }, {
    "name" : "parentSuite",
    "value" : "fesql-v1"
  }, {
    "name" : "suite",
    "value" : "fesql-v1-test1111"
  }, {
    "name" : "subSuite",
    "value" : "hahahahaha"
  }, {
    "name" : "host",
    "value" : "fv-az196-665"
  }, {
    "name" : "thread",
    "value" : "2862@fv-az196-665.main(1)"
  }, {
    "name" : "framework",
    "value" : "testng"
  }, {
    "name" : "language",
    "value" : "java"
  }, {
    "name" : "story",
    "value" : "测试2"
  }, {
    "name" : "epic",
    "value" : "测试Epic"
  }, {
    "name" : "feature",
    "value" : "测试Feature"
  }, {
    "name" : "resultFormat",
    "value" : "allure2"
  } ],
  "parameters" : [ {
    "name" : "env",
    "value" : "standalone"
  } ],
  "links" : [ ],
  "hidden" : false,
  "retry" : false,
  "extra" : {
    "severity" : "normal",
    "retries" : [ ],
    "categories" : [ {
      "name" : "Product defects",
      "matchedStatuses" : [ ],
      "flaky" : false
    } ],
    "history" : {
      "statistic" : {
        "failed" : 2,
        "broken" : 0,
        "skipped" : 0,
        "passed" : 0,
        "unknown" : 0,
        "total" : 2
      },
      "items" : [ {
        "uid" : "98d4d371083f2188",
        "reportUrl" : "https://wuyou10206.github.io/test-allure/14//#testresult/98d4d371083f2188",
        "status" : "failed",
        "statusDetails" : "expected [true] but found [false]",
        "time" : {
          "start" : 1616394685734,
          "stop" : 1616394685764,
          "duration" : 30
        }
      } ]
    },
    "tags" : [ ]
  },
  "source" : "9058eb4fc730b133.json",
  "parameterValues" : [ "standalone" ]
}